-1 1595939470.256083 1 1 1595939470.23216
-1 1595939472.520358 1 2 1595939472.52017
-1 1595939490.558167 0 1 1595939490.55685
-1 1595939491.685362 0 2 1595939491.68519
-1 1595939510.874098 1 1 1595939510.87277
-1 1595939512.596646 1 -1 1595939512.59651
-1 1595939531.136135 3 1 1595939531.13598
-1 1595939532.659975 3 2 1595939532.65978
-1 1595939551.367662 2 1 1595939551.3675
-1 1595939553.316975 2 2 1595939553.31674
-1 1595939571.666663 2 1 1595939571.66647
-1 1595939573.937214 2 2 1595939573.93706
-1 1595939592.190451 0 1 1595939592.19016
-1 1595939593.232415 0 2 1595939593.23222
-1 1595939612.447302 3 1 1595939612.44713
-1 1595939614.300535 3 2 1595939614.30026
-1 1595939633.095181 1 1 1595939633.09503
-1 1595939634.777501 1 2 1595939634.77732
-1 1595939653.364837 3 1 1595939653.36469
-1 1595939655.258080 3 2 1595939655.25783
-1 1595939673.655742 2 1 1595939673.65266
-1 1595939675.458960 2 2 1595939675.45882
-1 1595939694.210576 0 1 1595939694.20926
-1 1595939695.095187 0 2 1595939695.09366
-1 1595939714.574093 3 1 1595939714.57046
-1 1595939716.339715 3 2 1595939716.33898
-1 1595939734.825713 2 1 1595939734.82534
-1 1595939736.410329 2 2 1595939736.41018
-1 1595939755.138298 3 1 1595939755.13398
-1 1595939756.893942 3 2 1595939756.89374
-1 1595939775.424226 1 1 1595939775.42407
-1 1595939777.243729 1 2 1595939777.24358
-1 1595939795.940831 0 1 1595939795.94067
-1 1595939796.945696 0 2 1595939796.94552
-1 1595939816.183325 2 1 1595939816.18315
-1 1595939817.894369 2 2 1595939817.89416
-1 1595939836.396324 3 1 1595939836.39617
-1 1595939838.321842 3 2 1595939838.32164
-1 1595939857.272306 0 1 1595939857.27217
-1 1595939858.289523 0 2 1595939858.28931
-1 1595939877.592823 1 1 1595939877.59263
-1 1595939879.623655 1 2 1595939879.62346
-1 1595939898.396168 0 1 1595939898.39601
-1 1595939899.086019 0 2 1595939899.08585
-1 1595939918.882444 0 1 1595939918.88227
-1 1595939919.953465 0 2 1595939919.95324
-1 1595939939.131558 2 1 1595939939.1314
-1 1595939941.046624 2 2 1595939941.04624
-1 1595939959.440827 1 1 1595939959.44067
-1 1595939960.925901 1 2 1595939960.92574
-1 1595939979.726618 3 1 1595939979.72644
-1 1595939981.385209 3 2 1595939981.38505
-1 1595940000.076002 1 1 1595940000.07587
-1 1595940001.482559 1 2 1595940001.48243
-1 1595940020.432694 2 1 1595940020.43245
-1 1595940022.089276 2 2 1595940022.08908
-1 1595940040.842762 0 1 1595940040.84258
-1 1595940041.853212 0 2 1595940041.85299
-1 1595940061.165078 1 1 1595940061.16488
-1 1595940062.966884 1 2 1595940062.96266
-1 1595940081.562519 3 1 1595940081.56234
-1 1595940083.329104 3 2 1595940083.32879
-1 1595940102.362860 0 1 1595940102.36258
-1 1595940103.447935 0 2 1595940103.44756
