-1 1595941711.817989 1 1 1595941711.81368
-1 1595941722.041042 1 -2 1595941722.04085
-1 1595941732.414443 0 1 1595941732.41205
-1 1595941733.949811 0 2 1595941733.94815
-1 1595941752.751168 1 1 1595941752.75102
-1 1595941755.401318 1 2 1595941755.40092
-1 1595941772.958394 3 1 1595941772.95824
-1 1595941775.222520 3 2 1595941775.22114
-1 1595941793.297855 2 1 1595941793.29756
-1 1595941795.321604 2 2 1595941795.32146
-1 1595941814.072274 2 1 1595941814.07212
-1 1595941816.445812 2 2 1595941816.4456
-1 1595941834.458005 0 1 1595941834.45764
-1 1595941835.816296 0 2 1595941835.81367
-1 1595941854.973304 3 1 1595941854.97314
-1 1595941858.365504 3 2 1595941858.36522
-1 1595941875.288982 1 1 1595941875.28879
-1 1595941877.840263 1 2 1595941877.84007
-1 1595941895.549627 3 1 1595941895.54907
-1 1595941898.055410 3 2 1595941898.05521
-1 1595941915.793804 2 1 1595941915.79351
-1 1595941917.958221 2 2 1595941917.95798
-1 1595941936.136833 0 1 1595941936.13477
-1 1595941937.779358 0 2 1595941937.77925
-1 1595941956.402501 3 1 1595941956.40228
-1 1595941958.498523 3 2 1595941958.49831
-1 1595941976.624379 2 1 1595941976.62061
-1 1595941978.823050 2 2 1595941978.8228
-1 1595941996.994652 3 1 1595941996.99426
-1 1595941999.378999 3 2 1595941999.37881
-1 1595942017.207390 1 1 1595942017.20721
-1 1595942019.421226 1 2 1595942019.42098
-1 1595942037.598748 0 1 1595942037.59857
-1 1595942039.099076 0 2 1595942039.09896
-1 1595942057.980990 2 1 1595942057.98087
-1 1595942060.504906 2 2 1595942060.50475
-1 1595942078.240170 3 1 1595942078.23958
-1 1595942080.568480 3 2 1595942080.56834
-1 1595942098.630980 0 1 1595942098.63086
-1 1595942100.194860 0 2 1595942100.19471
-1 1595942119.030918 1 1 1595942119.03077
-1 1595942121.320625 1 2 1595942121.32039
-1 1595942139.471787 0 1 1595942139.47162
-1 1595942140.975624 0 2 1595942140.97526
-1 1595942159.931064 0 1 1595942159.93087
-1 1595942161.714184 0 2 1595942161.71397
-1 1595942180.292843 2 1 1595942180.2927
-1 1595942182.984474 2 2 1595942182.98373
-1 1595942200.605224 1 1 1595942200.60506
-1 1595942203.262274 1 2 1595942203.26206
-1 1595942220.936124 3 1 1595942220.93596
-1 1595942223.043788 3 2 1595942223.04358
-1 1595942241.193736 1 1 1595942241.19352
-1 1595942243.194674 1 2 1595942243.19444
-1 1595942261.467173 2 1 1595942261.46704
-1 1595942263.577008 2 2 1595942263.57679
-1 1595942281.826759 0 1 1595942281.82661
-1 1595942283.437624 0 2 1595942283.43747
-1 1595942302.162811 1 1 1595942302.16265
-1 1595942304.421562 1 2 1595942304.42041
-1 1595942322.523336 3 1 1595942322.5232
-1 1595942325.263047 3 2 1595942325.26267
-1 1595942342.964431 0 1 1595942342.96427
-1 1595942344.487210 0 2 1595942344.48698
-1 1595944032.168696 1 1 1595944032.16854
-1 1595944042.370494 1 -2 1595944042.37029
-1 1595944052.740681 0 1 1595944052.74053
-1 1595944062.935181 0 -2 1595944062.93501
-1 1595944073.216237 1 1 1595944073.20894
-1 1595944083.318320 1 -2 1595944083.31557
-1 1595944093.634820 3 1 1595944093.63465
-1 1595944103.838552 3 -2 1595944103.83834
-1 1595944114.200632 2 1 1595944114.20043
-1 1595944124.300739 2 -2 1595944124.30053
-1 1595944134.532444 2 1 1595944134.53231
-1 1595944144.648903 2 -2 1595944144.64874
-1 1595944155.025298 0 1 1595944155.02515
